<?xml version="1.0" encoding="UTF-8"?>
<testsuite name="edu.isu.cs2263.hw01.AppTest" tests="1" skipped="0" failures="0" errors="0" timestamp="2021-09-13T00:30:28" hostname="DESKTOP-79PGJQ0" time="0.025">
  <properties/>
  <testcase name="appHasAGreeting()" classname="edu.isu.cs2263.hw01.AppTest" time="0.025"/>
  <system-out><![CDATA[]]></system-out>
  <system-err><![CDATA[]]></system-err>
</testsuite>
